{
  "RSpec": {
    "coverage": {
      "/home/amanpathan/Desktop/Rails_Project/project/config/environment.rb": {
        "lines": [
          null,
          1,
          null,
          null,
          1
        ]
      },
      "/home/amanpathan/Desktop/Rails_Project/project/config/application.rb": {
        "lines": [
          1,
          null,
          1,
          1,
          1,
          null,
          null,
          1,
          null,
          1,
          1,
          null,
          1,
          null,
          null,
          null,
          null,
          1,
          null,
          null,
          null,
          null,
          null,
          null,
          null,
          null,
          null,
          null
        ]
      },
      "/home/amanpathan/Desktop/Rails_Project/project/config/boot.rb": {
        "lines": [
          1,
          null,
          1,
          1
        ]
      },
      "/home/amanpathan/Desktop/Rails_Project/project/config/environments/test.rb": {
        "lines": [
          1,
          null,
          null,
          null,
          null,
          null,
          null,
          1,
          null,
          null,
          null,
          1,
          null,
          null,
          null,
          null,
          null,
          1,
          null,
          null,
          1,
          null,
          null,
          1,
          1,
          1,
          null,
          null,
          1,
          null,
          null,
          1,
          null,
          null,
          1,
          null,
          null,
          null,
          1,
          null,
          null,
          null,
          null,
          1,
          null,
          null,
          null,
          1,
          null,
          null,
          1,
          null,
          null,
          1,
          null,
          null,
          1,
          null,
          null,
          null,
          null,
          null,
          null,
          null,
          null,
          1,
          null
        ]
      },
      "/home/amanpathan/Desktop/Rails_Project/project/config/initializers/assets.rb": {
        "lines": [
          null,
          null,
          null,
          1,
          null,
          null,
          null,
          null,
          null,
          null,
          null,
          null
        ]
      },
      "/home/amanpathan/Desktop/Rails_Project/project/config/initializers/cors.rb": {
        "lines": [
          1,
          1,
          1,
          null,
          1,
          null,
          null,
          null,
          null,
          null,
          null
        ]
      },
      "/home/amanpathan/Desktop/Rails_Project/project/config/initializers/devise.rb": {
        "lines": [
          null,
          null,
          null,
          null,
          null,
          null,
          null,
          null,
          null,
          null,
          1,
          1,
          null,
          null,
          null,
          null,
          null,
          null,
          null,
          null,
          null,
          null,
          null,
          null,
          null,
          null,
          null,
          1,
          null,
          null,
          null,
          null,
          null,
          null,
          null,
          null,
          null,
          null,
          null,
          1,
          null,
          null,
          null,
          null,
          null,
          null,
          null,
          null,
          null,
          null,
          null,
          null,
          null,
          null,
          null,
          null,
          null,
          null,
          null,
          null,
          null,
          1,
          null,
          null,
          null,
          null,
          1,
          null,
          null,
          null,
          null,
          null,
          null,
          null,
          null,
          null,
          null,
          null,
          null,
          null,
          null,
          null,
          null,
          null,
          null,
          null,
          null,
          null,
          null,
          null,
          null,
          null,
          null,
          null,
          null,
          null,
          null,
          null,
          null,
          null,
          1,
          null,
          null,
          null,
          null,
          null,
          null,
          null,
          null,
          null,
          null,
          null,
          null,
          null,
          null,
          null,
          null,
          null,
          null,
          null,
          null,
          null,
          null,
          null,
          null,
          null,
          1,
          null,
          null,
          null,
          null,
          null,
          null,
          null,
          null,
          null,
          null,
          null,
          null,
          null,
          null,
          null,
          null,
          null,
          null,
          null,
          null,
          null,
          null,
          null,
          null,
          null,
          null,
          null,
          null,
          null,
          null,
          null,
          null,
          null,
          null,
          null,
          null,
          null,
          null,
          null,
          null,
          null,
          null,
          null,
          null,
          null,
          null,
          null,
          null,
          null,
          null,
          null,
          null,
          null,
          null,
          null,
          null,
          null,
          null,
          null,
          null,
          null,
          null,
          null,
          null,
          null,
          null,
          null,
          null,
          null,
          null,
          null,
          null,
          null,
          null,
          null,
          null,
          null,
          null,
          null,
          null,
          null,
          null,
          1,
          null,
          null,
          null,
          null,
          null,
          null,
          null,
          null,
          null,
          1,
          null,
          null,
          null,
          null,
          null,
          null,
          null,
          null,
          null,
          null,
          1,
          null,
          null,
          null,
          null,
          1,
          null,
          null,
          null,
          null,
          null,
          null,
          null,
          null,
          null,
          null,
          null,
          null,
          null,
          null,
          null,
          null,
          null,
          null,
          null,
          null,
          null,
          null,
          null,
          null,
          null,
          null,
          null,
          null,
          null,
          null,
          null,
          null,
          null,
          null,
          null,
          null,
          null,
          null,
          null,
          null,
          1,
          null,
          null,
          null,
          null,
          null,
          null,
          null,
          null,
          null,
          null,
          null,
          null,
          null,
          null,
          null,
          null,
          null,
          null,
          null,
          null,
          null,
          null,
          null,
          null,
          null,
          null,
          null,
          null,
          null,
          null,
          null,
          null,
          null,
          null,
          null,
          null,
          null,
          null,
          null,
          null,
          null,
          1,
          null,
          null,
          null,
          null,
          null,
          null,
          null,
          null,
          null,
          null,
          null,
          null,
          null,
          null,
          null,
          null,
          null,
          null,
          null,
          null,
          null,
          null,
          null,
          null,
          null,
          null,
          null,
          null,
          null,
          null,
          null,
          null,
          null,
          null,
          null,
          1,
          1,
          null,
          null,
          null,
          null,
          null,
          null,
          null
        ]
      },
      "/home/amanpathan/Desktop/Rails_Project/project/config/initializers/filter_parameter_logging.rb": {
        "lines": [
          null,
          null,
          null,
          null,
          null,
          1,
          null,
          null
        ]
      },
      "/home/amanpathan/Desktop/Rails_Project/project/config/initializers/inflections.rb": {
        "lines": [
          null,
          null,
          null,
          null,
          null,
          null,
          null,
          null,
          null,
          null,
          null,
          null,
          null,
          null,
          null,
          null
        ]
      },
      "/home/amanpathan/Desktop/Rails_Project/project/config/initializers/permissions_policy.rb": {
        "lines": [
          null,
          null,
          null,
          null,
          null,
          null,
          null,
          null,
          null,
          null,
          null,
          null,
          null
        ]
      },
      "/home/amanpathan/Desktop/Rails_Project/project/spec/factories/menu_items.rb": {
        "lines": [
          1,
          1,
          1,
          1,
          1,
          null,
          null
        ]
      },
      "/home/amanpathan/Desktop/Rails_Project/project/spec/factories/order_carts.rb": {
        "lines": [
          1,
          1,
          null,
          null,
          null
        ]
      },
      "/home/amanpathan/Desktop/Rails_Project/project/spec/factories/orders.rb": {
        "lines": [
          1,
          1,
          null,
          null
        ]
      },
      "/home/amanpathan/Desktop/Rails_Project/project/spec/factories/restaurant_tables.rb": {
        "lines": [
          1,
          1,
          null,
          null
        ]
      },
      "/home/amanpathan/Desktop/Rails_Project/project/spec/factories/restaurants.rb": {
        "lines": [
          1,
          1,
          11,
          11,
          11,
          null,
          null
        ]
      },
      "/home/amanpathan/Desktop/Rails_Project/project/spec/factories/reviews.rb": {
        "lines": [
          1,
          1,
          null,
          null
        ]
      },
      "/home/amanpathan/Desktop/Rails_Project/project/spec/factories/roles.rb": {
        "lines": [
          1,
          1,
          1,
          2,
          null,
          null,
          1,
          6,
          null,
          null,
          1,
          2,
          null,
          null,
          null
        ]
      },
      "/home/amanpathan/Desktop/Rails_Project/project/spec/factories/user_restaurants.rb": {
        "lines": [
          1,
          1,
          1,
          1,
          null,
          null
        ]
      },
      "/home/amanpathan/Desktop/Rails_Project/project/spec/factories/user_roles.rb": {
        "lines": [
          1,
          1,
          1,
          1,
          null,
          null
        ]
      },
      "/home/amanpathan/Desktop/Rails_Project/project/spec/factories/users.rb": {
        "lines": [
          1,
          1,
          21,
          21,
          21,
          21,
          21,
          21,
          21,
          null,
          1,
          5,
          null,
          null,
          null
        ]
      },
      "/home/amanpathan/Desktop/Rails_Project/project/config/routes.rb": {
        "lines": [
          1,
          1,
          null,
          null,
          null,
          null,
          null,
          null,
          null,
          null,
          1,
          1,
          1,
          1,
          null,
          null,
          null,
          null,
          null,
          1,
          1,
          1,
          1,
          1,
          null,
          1,
          1,
          1,
          null,
          null,
          1,
          null,
          null,
          null,
          1,
          1,
          1,
          null,
          1,
          1,
          1,
          1,
          1,
          1,
          null,
          null,
          1,
          null,
          null,
          null,
          null,
          1,
          null,
          null,
          1,
          1,
          null,
          null,
          null,
          1,
          null,
          1,
          0,
          null,
          null
        ]
      },
      "/home/amanpathan/Desktop/Rails_Project/project/app/models/user.rb": {
        "lines": [
          1,
          null,
          null,
          1,
          null,
          null,
          1,
          1,
          1,
          1,
          1,
          1,
          null,
          1,
          1,
          1,
          null,
          1,
          null,
          1,
          8,
          null,
          null,
          1,
          1,
          null,
          null,
          1,
          1,
          11,
          11,
          null,
          11,
          0,
          null,
          11,
          null,
          null,
          null
        ]
      },
      "/home/amanpathan/Desktop/Rails_Project/project/app/models/application_record.rb": {
        "lines": [
          1,
          1,
          null
        ]
      },
      "/home/amanpathan/Desktop/Rails_Project/project/app/helpers/admin/menu_items_helper.rb": {
        "lines": [
          1,
          null
        ]
      },
      "/home/amanpathan/Desktop/Rails_Project/project/app/helpers/admin/restaurant_tables_helper.rb": {
        "lines": [
          1,
          null
        ]
      },
      "/home/amanpathan/Desktop/Rails_Project/project/app/helpers/admin/reviews_helper.rb": {
        "lines": [
          1,
          null
        ]
      },
      "/home/amanpathan/Desktop/Rails_Project/project/app/helpers/application_helper.rb": {
        "lines": [
          1,
          null
        ]
      },
      "/home/amanpathan/Desktop/Rails_Project/project/app/helpers/super_admin_helper.rb": {
        "lines": [
          1,
          null
        ]
      },
      "/home/amanpathan/Desktop/Rails_Project/project/app/helpers/super_admin/restaurants_helper.rb": {
        "lines": [
          1,
          null
        ]
      },
      "/home/amanpathan/Desktop/Rails_Project/project/app/controllers/admin/base_controller.rb": {
        "lines": [
          1,
          1,
          1,
          null,
          1,
          null,
          1,
          5,
          1,
          1,
          null,
          null,
          null
        ]
      },
      "/home/amanpathan/Desktop/Rails_Project/project/app/controllers/application_controller.rb": {
        "lines": [
          1,
          null,
          1,
          1,
          null,
          1,
          0,
          0,
          0,
          0,
          null,
          0,
          null,
          null,
          null
        ]
      },
      "/home/amanpathan/Desktop/Rails_Project/project/spec/controllers/admin/dashboard_controller_spec.rb": {
        "lines": [
          1,
          null,
          1,
          4,
          4,
          1,
          null,
          1,
          3,
          3,
          3,
          3,
          null,
          null,
          1,
          1,
          1,
          1,
          null,
          null,
          1,
          1,
          1,
          null,
          null,
          1,
          1,
          1,
          null,
          null,
          null
        ]
      },
      "/home/amanpathan/Desktop/Rails_Project/project/app/controllers/admin/dashboard_controller.rb": {
        "lines": [
          1,
          1,
          3,
          3,
          3,
          null,
          null
        ]
      },
      "/home/amanpathan/Desktop/Rails_Project/project/spec/models/menu_item_spec.rb": {
        "lines": [
          1,
          null,
          1,
          1,
          2,
          2,
          2,
          2,
          null,
          1,
          2,
          2,
          null,
          null
        ]
      },
      "/home/amanpathan/Desktop/Rails_Project/project/app/models/menu_item.rb": {
        "lines": [
          1,
          1,
          1,
          1,
          1,
          1,
          null,
          1,
          null
        ]
      },
      "/home/amanpathan/Desktop/Rails_Project/project/spec/models/order_cart_spec.rb": {
        "lines": [
          1,
          null,
          1,
          1,
          2,
          2,
          null,
          null
        ]
      },
      "/home/amanpathan/Desktop/Rails_Project/project/app/models/order_cart.rb": {
        "lines": [
          1,
          1,
          1,
          null
        ]
      },
      "/home/amanpathan/Desktop/Rails_Project/project/spec/models/order_spec.rb": {
        "lines": [
          1,
          null,
          1,
          1,
          2,
          2,
          2,
          2,
          null,
          null,
          1,
          2,
          2,
          null,
          null
        ]
      },
      "/home/amanpathan/Desktop/Rails_Project/project/app/models/order.rb": {
        "lines": [
          1,
          1,
          1,
          1,
          1,
          1,
          null,
          1,
          1,
          null
        ]
      },
      "/home/amanpathan/Desktop/Rails_Project/project/spec/models/restaurant_spec.rb": {
        "lines": [
          1,
          null,
          1,
          1,
          2,
          2,
          null,
          2,
          2,
          null,
          null,
          1,
          7,
          2,
          2,
          2,
          2,
          2,
          2,
          null,
          null
        ]
      },
      "/home/amanpathan/Desktop/Rails_Project/project/app/models/restaurant.rb": {
        "lines": [
          1,
          1,
          1,
          1,
          1,
          1,
          null,
          1,
          1,
          null
        ]
      },
      "/home/amanpathan/Desktop/Rails_Project/project/spec/models/restaurant_table_spec.rb": {
        "lines": [
          1,
          1,
          null,
          1,
          1,
          2,
          2,
          2,
          null,
          null,
          1,
          2,
          2,
          null,
          1,
          1,
          null,
          1,
          null,
          1,
          1,
          1,
          null,
          null,
          null
        ]
      },
      "/home/amanpathan/Desktop/Rails_Project/project/app/models/restaurant_table.rb": {
        "lines": [
          1,
          1,
          1,
          1,
          null,
          1,
          1,
          1,
          null,
          1,
          null,
          null,
          null,
          null,
          null,
          null
        ]
      },
      "/home/amanpathan/Desktop/Rails_Project/project/spec/models/review_spec.rb": {
        "lines": [
          null,
          1,
          1,
          2,
          2,
          null,
          null,
          1,
          2,
          2,
          2,
          null,
          null,
          null,
          1,
          1,
          1,
          null,
          1,
          null
        ]
      },
      "/home/amanpathan/Desktop/Rails_Project/project/app/models/review.rb": {
        "lines": [
          1,
          1,
          1,
          null,
          1,
          null
        ]
      },
      "/home/amanpathan/Desktop/Rails_Project/project/spec/models/role_spec.rb": {
        "lines": [
          1,
          null,
          1,
          1,
          2,
          2,
          null,
          null
        ]
      },
      "/home/amanpathan/Desktop/Rails_Project/project/app/models/role.rb": {
        "lines": [
          1,
          1,
          1,
          null
        ]
      },
      "/home/amanpathan/Desktop/Rails_Project/project/spec/models/user_restaurant_spec.rb": {
        "lines": [
          1,
          null,
          1,
          1,
          2,
          2,
          null,
          null
        ]
      },
      "/home/amanpathan/Desktop/Rails_Project/project/app/models/user_restaurant.rb": {
        "lines": [
          1,
          1,
          1,
          null
        ]
      },
      "/home/amanpathan/Desktop/Rails_Project/project/spec/models/user_role_spec.rb": {
        "lines": [
          1,
          null,
          1,
          1,
          2,
          2,
          null,
          null
        ]
      },
      "/home/amanpathan/Desktop/Rails_Project/project/app/models/user_role.rb": {
        "lines": [
          1,
          1,
          1,
          null
        ]
      },
      "/home/amanpathan/Desktop/Rails_Project/project/spec/models/user_spec.rb": {
        "lines": [
          1,
          null,
          1,
          1,
          2,
          2,
          2,
          2,
          2,
          2,
          null,
          null,
          1,
          11,
          2,
          2,
          2,
          2,
          2,
          2,
          2,
          2,
          2,
          2,
          null,
          null,
          1,
          1,
          1,
          1,
          null,
          null,
          null,
          1,
          1,
          1,
          1,
          1,
          null,
          1,
          1,
          null,
          null,
          1,
          1,
          1,
          1,
          null,
          1,
          1,
          null,
          null,
          1,
          1,
          1,
          1,
          null,
          1,
          1,
          null,
          null,
          null,
          1,
          1,
          1,
          1,
          1,
          null,
          null,
          null
        ]
      }
    },
    "timestamp": 1742884800
  }
}
